# JRE version: Java(TM) SE Runtime Environment (8.0_51-b16) (build 1.8.0_51-b16)
# Java VM: Java HotSpot(TM) 64-Bit Server VM (25.51-b03 mixed mode windows-amd64 compressed oops)
Heap:
 PSYoungGen      total 2060288K, used 1194099K [0x0000000714d80000, 0x00000007b5280000, 0x00000007c0000000)
  eden space 1587200K, 59% used [0x0000000714d80000,0x000000074e9ffb48,0x0000000775b80000)
  from space 473088K, 52% used [0x0000000775b80000,0x0000000784d1d278,0x0000000792980000)
  to   space 472064K, 0% used [0x0000000798580000,0x0000000798580000,0x00000007b5280000)
 ParOldGen       total 3004928K, used 2355155K [0x00000005be800000, 0x0000000675e80000, 0x0000000714d80000)
  object space 3004928K, 78% used [0x00000005be800000,0x000000064e3f4dc0,0x0000000675e80000)
 Metaspace       used 243708K, capacity 251293K, committed 251520K, reserved 1261568K
  class space    used 37918K, capacity 39712K, committed 39808K, reserved 1048576K
GC Heap History (10 events):
Event: 309.291 GC heap before
{Heap before GC invocations=108 (full 11):
 PSYoungGen      total 1912832K, used 550900K [0x0000000714d80000, 0x00000007ad680000, 0x00000007c0000000)
  eden space 1408000K, 31% used [0x0000000714d80000,0x000000072fad18e8,0x000000076ac80000)
  from space 504832K, 22% used [0x000000078e980000,0x000000079562b9e8,0x00000007ad680000)
  to   space 545792K, 0% used [0x000000076ac80000,0x000000076ac80000,0x000000078c180000)
 ParOldGen       total 3004928K, used 2355115K [0x00000005be800000, 0x0000000675e80000, 0x0000000714d80000)
  object space 3004928K, 78% used [0x00000005be800000,0x000000064e3eadc0,0x0000000675e80000)
 Metaspace       used 236122K, capacity 243311K, committed 243456K, reserved 1253376K
  class space    used 37335K, capacity 39091K, committed 39168K, reserved 1048576K
Event: 309.344 GC heap after
Heap after GC invocations=108 (full 11):
 PSYoungGen      total 1953792K, used 157228K [0x0000000714d80000, 0x00000007aed00000, 0x00000007c0000000)
  eden space 1408000K, 0% used [0x0000000714d80000,0x0000000714d80000,0x000000076ac80000)
  from space 545792K, 28% used [0x000000076ac80000,0x000000077460b328,0x000000078c180000)
  to   space 509440K, 0% used [0x000000078fb80000,0x000000078fb80000,0x00000007aed00000)
 ParOldGen       total 3004928K, used 2355123K [0x00000005be800000, 0x0000000675e80000, 0x0000000714d80000)
  object space 3004928K, 78% used [0x00000005be800000,0x000000064e3ecdc0,0x0000000675e80000)
 Metaspace       used 236122K, capacity 243311K, committed 243456K, reserved 1253376K
  class space    used 37335K, capacity 39091K, committed 39168K, reserved 1048576K
}
Event: 311.692 GC heap before
{Heap before GC invocations=109 (full 11):
 PSYoungGen      total 1953792K, used 1565228K [0x0000000714d80000, 0x00000007aed00000, 0x00000007c0000000)
  eden space 1408000K, 100% used [0x0000000714d80000,0x000000076ac80000,0x000000076ac80000)
  from space 545792K, 28% used [0x000000076ac80000,0x000000077460b328,0x000000078c180000)
  to   space 509440K, 0% used [0x000000078fb80000,0x000000078fb80000,0x00000007aed00000)
 ParOldGen       total 3004928K, used 2355123K [0x00000005be800000, 0x0000000675e80000, 0x0000000714d80000)
  object space 3004928K, 78% used [0x00000005be800000,0x000000064e3ecdc0,0x0000000675e80000)
 Metaspace       used 238573K, capacity 245925K, committed 246016K, reserved 1255424K
  class space    used 37588K, capacity 39354K, committed 39424K, reserved 1048576K
Event: 311.754 GC heap after
Heap after GC invocations=109 (full 11):
 PSYoungGen      total 1954816K, used 181800K [0x0000000714d80000, 0x00000007ab900000, 0x00000007c0000000)
  eden space 1498624K, 0% used [0x0000000714d80000,0x0000000714d80000,0x0000000770500000)
  from space 456192K, 39% used [0x000000078fb80000,0x000000079ad0a1d0,0x00000007ab900000)
  to   space 485376K, 0% used [0x0000000770500000,0x0000000770500000,0x000000078df00000)
 ParOldGen       total 3004928K, used 2355131K [0x00000005be800000, 0x0000000675e80000, 0x0000000714d80000)
  object space 3004928K, 78% used [0x00000005be800000,0x000000064e3eedc0,0x0000000675e80000)
 Metaspace       used 238573K, capacity 245925K, committed 246016K, reserved 1255424K
  class space    used 37588K, capacity 39354K, committed 39424K, reserved 1048576K
}
Event: 314.448 GC heap before
{Heap before GC invocations=110 (full 11):
 PSYoungGen      total 1954816K, used 1680424K [0x0000000714d80000, 0x00000007ab900000, 0x00000007c0000000)
  eden space 1498624K, 100% used [0x0000000714d80000,0x0000000770500000,0x0000000770500000)
  from space 456192K, 39% used [0x000000078fb80000,0x000000079ad0a1d0,0x00000007ab900000)
  to   space 485376K, 0% used [0x0000000770500000,0x0000000770500000,0x000000078df00000)
 ParOldGen       total 3004928K, used 2355131K [0x00000005be800000, 0x0000000675e80000, 0x0000000714d80000)
  object space 3004928K, 78% used [0x00000005be800000,0x000000064e3eedc0,0x0000000675e80000)
 Metaspace       used 240311K, capacity 247763K, committed 247936K, reserved 1257472K
  class space    used 37669K, capacity 39437K, committed 39552K, reserved 1048576K
Event: 314.522 GC heap after
Heap after GC invocations=110 (full 11):
 PSYoungGen      total 1984000K, used 242731K [0x0000000714d80000, 0x00000007b1300000, 0x00000007c0000000)
  eden space 1498624K, 0% used [0x0000000714d80000,0x0000000714d80000,0x0000000770500000)
  from space 485376K, 50% used [0x0000000770500000,0x000000077f20aee8,0x000000078df00000)
  to   space 484864K, 0% used [0x0000000793980000,0x0000000793980000,0x00000007b1300000)
 ParOldGen       total 3004928K, used 2355139K [0x00000005be800000, 0x0000000675e80000, 0x0000000714d80000)
  object space 3004928K, 78% used [0x00000005be800000,0x000000064e3f0dc0,0x0000000675e80000)
 Metaspace       used 240311K, capacity 247763K, committed 247936K, reserved 1257472K
  class space    used 37669K, capacity 39437K, committed 39552K, reserved 1048576K
}
Event: 317.247 GC heap before
{Heap before GC invocations=111 (full 11):
 PSYoungGen      total 1984000K, used 1741355K [0x0000000714d80000, 0x00000007b1300000, 0x00000007c0000000)
  eden space 1498624K, 100% used [0x0000000714d80000,0x0000000770500000,0x0000000770500000)
  from space 485376K, 50% used [0x0000000770500000,0x000000077f20aee8,0x000000078df00000)
  to   space 484864K, 0% used [0x0000000793980000,0x0000000793980000,0x00000007b1300000)
 ParOldGen       total 3004928K, used 2355139K [0x00000005be800000, 0x0000000675e80000, 0x0000000714d80000)
  object space 3004928K, 78% used [0x00000005be800000,0x000000064e3f0dc0,0x0000000675e80000)
 Metaspace       used 241843K, capacity 249353K, committed 249600K, reserved 1259520K
  class space    used 37796K, capacity 39586K, committed 39680K, reserved 1048576K
Event: 317.310 GC heap after
Heap after GC invocations=111 (full 11):
 PSYoungGen      total 2043904K, used 217302K [0x0000000714d80000, 0x00000007af780000, 0x00000007c0000000)
  eden space 1587200K, 0% used [0x0000000714d80000,0x0000000714d80000,0x0000000775b80000)
  from space 456704K, 47% used [0x0000000793980000,0x00000007a0db5a40,0x00000007af780000)
  to   space 473088K, 0% used [0x0000000775b80000,0x0000000775b80000,0x0000000792980000)
 ParOldGen       total 3004928K, used 2355147K [0x00000005be800000, 0x0000000675e80000, 0x0000000714d80000)
  object space 3004928K, 78% used [0x00000005be800000,0x000000064e3f2dc0,0x0000000675e80000)
 Metaspace       used 241843K, capacity 249353K, committed 249600K, reserved 1259520K
  class space    used 37796K, capacity 39586K, committed 39680K, reserved 1048576K
}
Event: 319.857 GC heap before
{Heap before GC invocations=112 (full 11):
 PSYoungGen      total 2043904K, used 1804502K [0x0000000714d80000, 0x00000007af780000, 0x00000007c0000000)
  eden space 1587200K, 100% used [0x0000000714d80000,0x0000000775b80000,0x0000000775b80000)
  from space 456704K, 47% used [0x0000000793980000,0x00000007a0db5a40,0x00000007af780000)
  to   space 473088K, 0% used [0x0000000775b80000,0x0000000775b80000,0x0000000792980000)
 ParOldGen       total 3004928K, used 2355147K [0x00000005be800000, 0x0000000675e80000, 0x0000000714d80000)
  object space 3004928K, 78% used [0x00000005be800000,0x000000064e3f2dc0,0x0000000675e80000)
 Metaspace       used 243169K, capacity 250767K, committed 250880K, reserved 1261568K
  class space    used 37880K, capacity 39671K, committed 39680K, reserved 1048576K
Event: 319.944 GC heap after
Heap after GC invocations=112 (full 11):
 PSYoungGen      total 2060288K, used 247412K [0x0000000714d80000, 0x00000007b5280000, 0x00000007c0000000)
  eden space 1587200K, 0% used [0x0000000714d80000,0x0000000714d80000,0x0000000775b80000)
  from space 473088K, 52% used [0x0000000775b80000,0x0000000784d1d278,0x0000000792980000)
  to   space 472064K, 0% used [0x0000000798580000,0x0000000798580000,0x00000007b5280000)
 ParOldGen       total 3004928K, used 2355155K [0x00000005be800000, 0x0000000675e80000, 0x0000000714d80000)
  object space 3004928K, 78% used [0x00000005be800000,0x000000064e3f4dc0,0x0000000675e80000)
 Metaspace       used 243169K, capacity 250767K, committed 250880K, reserved 1261568K
  class space    used 37880K, capacity 39671K, committed 39680K, reserved 1048576K
}

